<?xml version="1.0" encoding="UTF-8"?>
<testsuite xmlns:xsi="http://www.w3.org/2001/XMLSchema-instance" xsi:noNamespaceSchemaLocation="https://maven.apache.org/surefire/maven-surefire-plugin/xsd/surefire-test-report.xsd" version="3.0.1" name="CalculatorParamTest" time="0.107" tests="8" errors="0" skipped="0" failures="0">
  <properties>
[...]
</properties>
  <testcase name="substract_shouldReturnExpectedResult_whenSubtracting(int, int, int)[1]" classname="CalculatorParamTest" time="0.032"/>
  <testcase name="substract_shouldReturnExpectedResult_whenSubtracting(int, int, int)[2]" classname="CalculatorParamTest" time="0.001"/>
  <testcase name="substract_shouldReturnExpectedResult_whenSubtracting(int, int, int)[3]" classname="CalculatorParamTest" time="0.0"/>
  <testcase name="multiply_shouldReturnEvenResult_whenMultiplyingByTwo(int)[1]" classname="CalculatorParamTest" time="0.002"/>
  <testcase name="multiply_shouldReturnEvenResult_whenMultiplyingByTwo(int)[2]" classname="CalculatorParamTest" time="0.0"/>
  <testcase name="multiply_shouldReturnEvenResult_whenMultiplyingByTwo(int)[3]" classname="CalculatorParamTest" time="0.001"/>
  <testcase name="multiply_shouldReturnEvenResult_whenMultiplyingByTwo(int)[4]" classname="CalculatorParamTest" time="0.001"/>
  <testcase name="multiply_shouldReturnEvenResult_whenMultiplyingByTwo(int)[5]" classname="CalculatorParamTest" time="0.001"/>
</testsuite>